<?xml version="1.0" encoding="UTF-8"?>
<!-- Generated by org.testng.reporters.JUnitReportReporter -->
<testsuite hostname="LAPTOP-EVN0A8MU" failures="0" tests="5" name="com.ChaiPort.qa.testcases.CheckOutPageTest" time="227.730" errors="0" timestamp="2022-10-24T17:18:17 IST" skipped="0">
  <testcase classname="com.ChaiPort.qa.testcases.CheckOutPageTest" name="check" time="39.101"/>
  <system-out/>
  <testcase classname="com.ChaiPort.qa.testcases.CheckOutPageTest" name="VerificationCOD" time="34.594"/>
  <system-out/>
  <testcase classname="com.ChaiPort.qa.testcases.CheckOutPageTest" name="VerificationCreditCard" time="54.336"/>
  <system-out/>
  <testcase classname="com.ChaiPort.qa.testcases.CheckOutPageTest" name="VerificationBNPL" time="46.389"/>
  <system-out/>
  <testcase classname="com.ChaiPort.qa.testcases.CheckOutPageTest" name="VerificationWallets" time="53.310"/>
  <system-out/>
</testsuite> <!-- com.ChaiPort.qa.testcases.CheckOutPageTest -->
