<?xml version="1.0" encoding="UTF-8"?>
<!-- Generated by org.testng.reporters.JUnitReportReporter -->
<testsuite hostname="LAPTOP-EVN0A8MU" failures="0" tests="1" name="com.ChaiPort.qa.testcases.PaymentPageTest" time="38.605" errors="0" timestamp="2022-10-23T14:38:54 IST" skipped="0">
  <testcase classname="com.ChaiPort.qa.testcases.PaymentPageTest" name="validation" time="38.605"/>
  <system-out/>
</testsuite> <!-- com.ChaiPort.qa.testcases.PaymentPageTest -->
